<?xml version="1.0" encoding="UTF-8"?>
<!-- Generated by org.testng.reporters.JUnitReportReporter -->
<testsuite hostname="LAPTOP-3MSUA5N1" failures="0" tests="1" name="com.mindtree.runner.ElocalStore_Runner" time="0.004" errors="0" timestamp="2021-11-16T17:03:44 IST" skipped="0">
  <testcase classname="com.mindtree.runner.ElocalStore_Runner" name="titleCheck" time="0.004"/>
  <system-out/>
</testsuite> <!-- com.mindtree.runner.ElocalStore_Runner -->
