<?xml version="1.0" encoding="UTF-8"?>
<!-- Generated by org.testng.reporters.JUnitReportReporter -->
<testsuite hostname="LAPTOP-3MSUA5N1" failures="0" tests="11" name="com.mindtree.runner.BigSmall_Runner" time="429.726" errors="0" timestamp="2021-11-19T14:41:04 IST" skipped="0">
  <testcase classname="com.mindtree.runner.BigSmall_Runner" name="Login" time="55.012"/>
  <system-out/>
  <testcase classname="com.mindtree.runner.BigSmall_Runner" name="Invalid_Login" time="44.114"/>
  <system-out/>
  <testcase classname="com.mindtree.runner.BigSmall_Runner" name="Invalid_Login" time="47.341"/>
  <system-out/>
  <testcase classname="com.mindtree.runner.BigSmall_Runner" name="Forgot_Login" time="49.780"/>
  <system-out/>
  <testcase classname="com.mindtree.runner.BigSmall_Runner" name="SearchBar" time="76.999"/>
  <system-out/>
  <testcase classname="com.mindtree.runner.BigSmall_Runner" name="Header" time="32.624"/>
  <system-out/>
  <testcase classname="com.mindtree.runner.BigSmall_Runner" name="Latest" time="33.558"/>
  <system-out/>
  <testcase classname="com.mindtree.runner.BigSmall_Runner" name="Wishlist" time="18.130"/>
  <system-out/>
  <testcase classname="com.mindtree.runner.BigSmall_Runner" name="Cart_checkout" time="21.334"/>
  <system-out/>
  <testcase classname="com.mindtree.runner.BigSmall_Runner" name="Cart_remove" time="19.171"/>
  <system-out/>
  <testcase classname="com.mindtree.runner.BigSmall_Runner" name="Footer_ContactUS" time="31.663"/>
  <system-out/>
</testsuite> <!-- com.mindtree.runner.BigSmall_Runner -->
