<?xml version="1.0" encoding="UTF-8"?>
<!-- Generated by org.testng.reporters.JUnitReportReporter -->
<testsuite hostname="LAPTOP-3MSUA5N1" failures="0" tests="11" name="com.mindtree.runner.BigSmall_Runner" time="366.016" errors="0" timestamp="2021-11-18T20:39:51 IST" skipped="0">
  <testcase classname="com.mindtree.runner.BigSmall_Runner" name="Login" time="37.345"/>
  <system-out/>
  <testcase classname="com.mindtree.runner.BigSmall_Runner" name="Invalid_Login" time="37.828"/>
  <system-out/>
  <testcase classname="com.mindtree.runner.BigSmall_Runner" name="Invalid_Login" time="34.668"/>
  <system-out/>
  <testcase classname="com.mindtree.runner.BigSmall_Runner" name="Forgot_Login" time="40.181"/>
  <system-out/>
  <testcase classname="com.mindtree.runner.BigSmall_Runner" name="SearchBar" time="60.419"/>
  <system-out/>
  <testcase classname="com.mindtree.runner.BigSmall_Runner" name="Header" time="31.832"/>
  <system-out/>
  <testcase classname="com.mindtree.runner.BigSmall_Runner" name="Latest" time="32.177"/>
  <system-out/>
  <testcase classname="com.mindtree.runner.BigSmall_Runner" name="Wishlist" time="15.195"/>
  <system-out/>
  <testcase classname="com.mindtree.runner.BigSmall_Runner" name="Cart_checkout" time="28.784"/>
  <system-out/>
  <testcase classname="com.mindtree.runner.BigSmall_Runner" name="Cart_remove" time="19.052"/>
  <system-out/>
  <testcase classname="com.mindtree.runner.BigSmall_Runner" name="Footer_ContactUS" time="28.535"/>
  <system-out/>
</testsuite> <!-- com.mindtree.runner.BigSmall_Runner -->
