<?xml version="1.0" encoding="UTF-8"?>
<!-- Generated by org.testng.reporters.JUnitReportReporter -->
<testsuite hostname="LAPTOP-3MSUA5N1" failures="0" tests="11" name="com.mindtree.runner.BigSmall_Runner" time="435.987" errors="0" timestamp="2021-11-19T10:22:09 IST" skipped="0">
  <testcase classname="com.mindtree.runner.BigSmall_Runner" name="Login" time="43.370"/>
  <system-out/>
  <testcase classname="com.mindtree.runner.BigSmall_Runner" name="Invalid_Login" time="44.600"/>
  <system-out/>
  <testcase classname="com.mindtree.runner.BigSmall_Runner" name="Invalid_Login" time="43.571"/>
  <system-out/>
  <testcase classname="com.mindtree.runner.BigSmall_Runner" name="Forgot_Login" time="47.386"/>
  <system-out/>
  <testcase classname="com.mindtree.runner.BigSmall_Runner" name="SearchBar" time="74.661"/>
  <system-out/>
  <testcase classname="com.mindtree.runner.BigSmall_Runner" name="Header" time="35.444"/>
  <system-out/>
  <testcase classname="com.mindtree.runner.BigSmall_Runner" name="Latest" time="31.840"/>
  <system-out/>
  <testcase classname="com.mindtree.runner.BigSmall_Runner" name="Wishlist" time="14.869"/>
  <system-out/>
  <testcase classname="com.mindtree.runner.BigSmall_Runner" name="Cart_checkout" time="21.196"/>
  <system-out/>
  <testcase classname="com.mindtree.runner.BigSmall_Runner" name="Cart_remove" time="19.305"/>
  <system-out/>
  <testcase classname="com.mindtree.runner.BigSmall_Runner" name="Footer_ContactUS" time="59.745"/>
  <system-out/>
</testsuite> <!-- com.mindtree.runner.BigSmall_Runner -->
