<?xml version="1.0" encoding="UTF-8"?>
<!-- Generated by org.testng.reporters.JUnitReportReporter -->
<testsuite hostname="LAPTOP-3MSUA5N1" failures="0" tests="11" name="com.mindtree.runner.BigSmall_Runner" time="364.533" errors="0" timestamp="2021-11-18T20:48:38 IST" skipped="0">
  <testcase classname="com.mindtree.runner.BigSmall_Runner" name="Login" time="41.114"/>
  <testcase classname="com.mindtree.runner.BigSmall_Runner" name="Invalid_Login" time="34.161"/>
  <testcase classname="com.mindtree.runner.BigSmall_Runner" name="Invalid_Login" time="37.588"/>
  <testcase classname="com.mindtree.runner.BigSmall_Runner" name="Forgot_Login" time="39.030"/>
  <testcase classname="com.mindtree.runner.BigSmall_Runner" name="SearchBar" time="58.951"/>
  <testcase classname="com.mindtree.runner.BigSmall_Runner" name="Header" time="32.635"/>
  <testcase classname="com.mindtree.runner.BigSmall_Runner" name="Latest" time="31.729"/>
  <testcase classname="com.mindtree.runner.BigSmall_Runner" name="Wishlist" time="15.389"/>
  <testcase classname="com.mindtree.runner.BigSmall_Runner" name="Cart_checkout" time="26.583"/>
  <testcase classname="com.mindtree.runner.BigSmall_Runner" name="Cart_remove" time="19.299"/>
  <testcase classname="com.mindtree.runner.BigSmall_Runner" name="Footer_ContactUS" time="28.054"/>
</testsuite> <!-- com.mindtree.runner.BigSmall_Runner -->
